[0.008s] Invoking command in '/home/xedy/ros2_ws/build/jackal_wall_follower': CMAKE_PREFIX_PATH=/opt/ros/humble /usr/bin/cmake --build /home/xedy/ros2_ws/build/jackal_wall_follower -- -j16 -l16
[0.041s] [35m[1mConsolidate compiler generated dependencies of target main_node[0m
[0.054s] [ 50%] [32mBuilding CXX object CMakeFiles/main_node.dir/src/main_node.cpp.o[0m
[5.804s] [100%] [32m[1mLinking CXX executable main_node[0m
[6.048s] [100%] Built target main_node
[6.058s] Invoked command in '/home/xedy/ros2_ws/build/jackal_wall_follower' returned '0': CMAKE_PREFIX_PATH=/opt/ros/humble /usr/bin/cmake --build /home/xedy/ros2_ws/build/jackal_wall_follower -- -j16 -l16
[6.066s] Invoking command in '/home/xedy/ros2_ws/build/jackal_wall_follower': CMAKE_PREFIX_PATH=/opt/ros/humble /usr/bin/cmake --install /home/xedy/ros2_ws/build/jackal_wall_follower
[6.071s] -- Install configuration: ""
[6.071s] -- Installing: /home/xedy/ros2_ws/install/jackal_wall_follower/lib/jackal_wall_follower/main_node
[6.074s] -- Set runtime path of "/home/xedy/ros2_ws/install/jackal_wall_follower/lib/jackal_wall_follower/main_node" to ""
[6.074s] -- Up-to-date: /home/xedy/ros2_ws/install/jackal_wall_follower/share/jackal_wall_follower//launch
[6.074s] -- Up-to-date: /home/xedy/ros2_ws/install/jackal_wall_follower/share/jackal_wall_follower//launch/start.launch.py
[6.074s] -- Up-to-date: /home/xedy/ros2_ws/install/jackal_wall_follower/share/jackal_wall_follower//worlds
[6.074s] -- Up-to-date: /home/xedy/ros2_ws/install/jackal_wall_follower/share/jackal_wall_follower//worlds/maze.sdf
[6.074s] -- Up-to-date: /home/xedy/ros2_ws/install/jackal_wall_follower/share/ament_index/resource_index/package_run_dependencies/jackal_wall_follower
[6.074s] -- Up-to-date: /home/xedy/ros2_ws/install/jackal_wall_follower/share/ament_index/resource_index/parent_prefix_path/jackal_wall_follower
[6.074s] -- Up-to-date: /home/xedy/ros2_ws/install/jackal_wall_follower/share/jackal_wall_follower/environment/ament_prefix_path.sh
[6.074s] -- Up-to-date: /home/xedy/ros2_ws/install/jackal_wall_follower/share/jackal_wall_follower/environment/ament_prefix_path.dsv
[6.075s] -- Up-to-date: /home/xedy/ros2_ws/install/jackal_wall_follower/share/jackal_wall_follower/environment/path.sh
[6.075s] -- Up-to-date: /home/xedy/ros2_ws/install/jackal_wall_follower/share/jackal_wall_follower/environment/path.dsv
[6.075s] -- Up-to-date: /home/xedy/ros2_ws/install/jackal_wall_follower/share/jackal_wall_follower/local_setup.bash
[6.075s] -- Up-to-date: /home/xedy/ros2_ws/install/jackal_wall_follower/share/jackal_wall_follower/local_setup.sh
[6.075s] -- Up-to-date: /home/xedy/ros2_ws/install/jackal_wall_follower/share/jackal_wall_follower/local_setup.zsh
[6.075s] -- Up-to-date: /home/xedy/ros2_ws/install/jackal_wall_follower/share/jackal_wall_follower/local_setup.dsv
[6.075s] -- Installing: /home/xedy/ros2_ws/install/jackal_wall_follower/share/jackal_wall_follower/package.dsv
[6.075s] -- Up-to-date: /home/xedy/ros2_ws/install/jackal_wall_follower/share/ament_index/resource_index/packages/jackal_wall_follower
[6.075s] -- Up-to-date: /home/xedy/ros2_ws/install/jackal_wall_follower/share/jackal_wall_follower/cmake/jackal_wall_followerConfig.cmake
[6.075s] -- Up-to-date: /home/xedy/ros2_ws/install/jackal_wall_follower/share/jackal_wall_follower/cmake/jackal_wall_followerConfig-version.cmake
[6.075s] -- Up-to-date: /home/xedy/ros2_ws/install/jackal_wall_follower/share/jackal_wall_follower/package.xml
[6.076s] Invoked command in '/home/xedy/ros2_ws/build/jackal_wall_follower' returned '0': CMAKE_PREFIX_PATH=/opt/ros/humble /usr/bin/cmake --install /home/xedy/ros2_ws/build/jackal_wall_follower
