[0.008s] Invoking command in '/home/xedy/ros2_ws/build/jackal_wall_follower': CMAKE_PREFIX_PATH=/opt/ros/humble /usr/bin/cmake --build /home/xedy/ros2_ws/build/jackal_wall_follower -- -j16 -l16
[0.046s] [100%] Built target main_node
[0.054s] Invoked command in '/home/xedy/ros2_ws/build/jackal_wall_follower' returned '0': CMAKE_PREFIX_PATH=/opt/ros/humble /usr/bin/cmake --build /home/xedy/ros2_ws/build/jackal_wall_follower -- -j16 -l16
[0.061s] Invoking command in '/home/xedy/ros2_ws/build/jackal_wall_follower': CMAKE_PREFIX_PATH=/opt/ros/humble /usr/bin/cmake --install /home/xedy/ros2_ws/build/jackal_wall_follower
[0.066s] -- Install configuration: ""
[0.066s] -- Up-to-date: /home/xedy/ros2_ws/install/jackal_wall_follower/lib/jackal_wall_follower/main_node
[0.066s] -- Up-to-date: /home/xedy/ros2_ws/install/jackal_wall_follower/share/jackal_wall_follower//launch
[0.066s] -- Installing: /home/xedy/ros2_ws/install/jackal_wall_follower/share/jackal_wall_follower//launch/start.launch.py
[0.066s] -- Up-to-date: /home/xedy/ros2_ws/install/jackal_wall_follower/share/jackal_wall_follower//worlds
[0.066s] -- Up-to-date: /home/xedy/ros2_ws/install/jackal_wall_follower/share/jackal_wall_follower//worlds/maze.sdf
[0.066s] -- Up-to-date: /home/xedy/ros2_ws/install/jackal_wall_follower/share/ament_index/resource_index/package_run_dependencies/jackal_wall_follower
[0.066s] -- Up-to-date: /home/xedy/ros2_ws/install/jackal_wall_follower/share/ament_index/resource_index/parent_prefix_path/jackal_wall_follower
[0.066s] -- Up-to-date: /home/xedy/ros2_ws/install/jackal_wall_follower/share/jackal_wall_follower/environment/ament_prefix_path.sh
[0.066s] -- Up-to-date: /home/xedy/ros2_ws/install/jackal_wall_follower/share/jackal_wall_follower/environment/ament_prefix_path.dsv
[0.066s] -- Up-to-date: /home/xedy/ros2_ws/install/jackal_wall_follower/share/jackal_wall_follower/environment/path.sh
[0.066s] -- Up-to-date: /home/xedy/ros2_ws/install/jackal_wall_follower/share/jackal_wall_follower/environment/path.dsv
[0.066s] -- Up-to-date: /home/xedy/ros2_ws/install/jackal_wall_follower/share/jackal_wall_follower/local_setup.bash
[0.066s] -- Up-to-date: /home/xedy/ros2_ws/install/jackal_wall_follower/share/jackal_wall_follower/local_setup.sh
[0.067s] -- Up-to-date: /home/xedy/ros2_ws/install/jackal_wall_follower/share/jackal_wall_follower/local_setup.zsh
[0.067s] -- Up-to-date: /home/xedy/ros2_ws/install/jackal_wall_follower/share/jackal_wall_follower/local_setup.dsv
[0.067s] -- Installing: /home/xedy/ros2_ws/install/jackal_wall_follower/share/jackal_wall_follower/package.dsv
[0.067s] -- Up-to-date: /home/xedy/ros2_ws/install/jackal_wall_follower/share/ament_index/resource_index/packages/jackal_wall_follower
[0.067s] -- Up-to-date: /home/xedy/ros2_ws/install/jackal_wall_follower/share/jackal_wall_follower/cmake/jackal_wall_followerConfig.cmake
[0.067s] -- Up-to-date: /home/xedy/ros2_ws/install/jackal_wall_follower/share/jackal_wall_follower/cmake/jackal_wall_followerConfig-version.cmake
[0.067s] -- Up-to-date: /home/xedy/ros2_ws/install/jackal_wall_follower/share/jackal_wall_follower/package.xml
[0.068s] Invoked command in '/home/xedy/ros2_ws/build/jackal_wall_follower' returned '0': CMAKE_PREFIX_PATH=/opt/ros/humble /usr/bin/cmake --install /home/xedy/ros2_ws/build/jackal_wall_follower
