[35m[1mConsolidate compiler generated dependencies of target main_node[0m
[ 50%] [32mBuilding CXX object CMakeFiles/main_node.dir/src/main_node.cpp.o[0m
[100%] [32m[1mLinking CXX executable main_node[0m
[100%] Built target main_node
-- Install configuration: ""
-- Installing: /home/xedy/ros2_ws/install/jackal_wall_follower/lib/jackal_wall_follower/main_node
-- Set runtime path of "/home/xedy/ros2_ws/install/jackal_wall_follower/lib/jackal_wall_follower/main_node" to ""
-- Up-to-date: /home/xedy/ros2_ws/install/jackal_wall_follower/share/jackal_wall_follower//launch
-- Up-to-date: /home/xedy/ros2_ws/install/jackal_wall_follower/share/jackal_wall_follower//launch/start.launch.py
-- Up-to-date: /home/xedy/ros2_ws/install/jackal_wall_follower/share/jackal_wall_follower//worlds
-- Up-to-date: /home/xedy/ros2_ws/install/jackal_wall_follower/share/jackal_wall_follower//worlds/maze.sdf
-- Up-to-date: /home/xedy/ros2_ws/install/jackal_wall_follower/share/ament_index/resource_index/package_run_dependencies/jackal_wall_follower
-- Up-to-date: /home/xedy/ros2_ws/install/jackal_wall_follower/share/ament_index/resource_index/parent_prefix_path/jackal_wall_follower
-- Up-to-date: /home/xedy/ros2_ws/install/jackal_wall_follower/share/jackal_wall_follower/environment/ament_prefix_path.sh
-- Up-to-date: /home/xedy/ros2_ws/install/jackal_wall_follower/share/jackal_wall_follower/environment/ament_prefix_path.dsv
-- Up-to-date: /home/xedy/ros2_ws/install/jackal_wall_follower/share/jackal_wall_follower/environment/path.sh
-- Up-to-date: /home/xedy/ros2_ws/install/jackal_wall_follower/share/jackal_wall_follower/environment/path.dsv
-- Up-to-date: /home/xedy/ros2_ws/install/jackal_wall_follower/share/jackal_wall_follower/local_setup.bash
-- Up-to-date: /home/xedy/ros2_ws/install/jackal_wall_follower/share/jackal_wall_follower/local_setup.sh
-- Up-to-date: /home/xedy/ros2_ws/install/jackal_wall_follower/share/jackal_wall_follower/local_setup.zsh
-- Up-to-date: /home/xedy/ros2_ws/install/jackal_wall_follower/share/jackal_wall_follower/local_setup.dsv
-- Installing: /home/xedy/ros2_ws/install/jackal_wall_follower/share/jackal_wall_follower/package.dsv
-- Up-to-date: /home/xedy/ros2_ws/install/jackal_wall_follower/share/ament_index/resource_index/packages/jackal_wall_follower
-- Up-to-date: /home/xedy/ros2_ws/install/jackal_wall_follower/share/jackal_wall_follower/cmake/jackal_wall_followerConfig.cmake
-- Up-to-date: /home/xedy/ros2_ws/install/jackal_wall_follower/share/jackal_wall_follower/cmake/jackal_wall_followerConfig-version.cmake
-- Up-to-date: /home/xedy/ros2_ws/install/jackal_wall_follower/share/jackal_wall_follower/package.xml
