[0.006s] Invoking command in '/home/xedy/ros2_ws/build/jackal_wall_follower': CMAKE_PREFIX_PATH=/opt/ros/humble /usr/bin/cmake --build /home/xedy/ros2_ws/build/jackal_wall_follower -- -j16 -l16
[0.036s] [35m[1mConsolidate compiler generated dependencies of target main_node[0m
[0.048s] [ 50%] [32mBuilding CXX object CMakeFiles/main_node.dir/src/main_node.cpp.o[0m
[1.487s] [01m[K/home/xedy/ros2_ws/src/jackal_wall_follower/src/main_node.cpp:[m[K In member function ‘[01m[Kvoid WallFollowNode::handleTurning(geometry_msgs::msg::Twist&, double, double)[m[K’:
[1.487s] [01m[K/home/xedy/ros2_ws/src/jackal_wall_follower/src/main_node.cpp:104:63:[m[K [01;35m[Kwarning: [m[Kunused parameter ‘[01m[Kright_dist[m[K’ [[01;35m[K]8;;https://gcc.gnu.org/onlinedocs/gcc/Warning-Options.html#index-Wunused-parameter-Wunused-parameter]8;;[m[K]
[1.487s]   104 |   void handleTurning(geometry_msgs::msg::Twist& cmd, [01;35m[Kdouble right_dist[m[K, double front_dist)
[1.487s]       |                                                      [01;35m[K~~~~~~~^~~~~~~~~~[m[K
[1.488s] 
[1.488s] [01m[K/home/xedy/ros2_ws/src/jackal_wall_follower/src/main_node.cpp:104:82:[m[K [01;35m[Kwarning: [m[Kunused parameter ‘[01m[Kfront_dist[m[K’ [[01;35m[K]8;;https://gcc.gnu.org/onlinedocs/gcc/Warning-Options.html#index-Wunused-parameter-Wunused-parameter]8;;[m[K]
[1.488s]   104 | g(geometry_msgs::msg::Twist& cmd, double right_dist, [01;35m[Kdouble front_dist[m[K)
[1.488s]       |                                                      [01;35m[K~~~~~~~^~~~~~~~~~[m[K
[1.488s] 
[5.244s] [100%] [32m[1mLinking CXX executable main_node[0m
[5.473s] [100%] Built target main_node
[5.481s] Invoked command in '/home/xedy/ros2_ws/build/jackal_wall_follower' returned '0': CMAKE_PREFIX_PATH=/opt/ros/humble /usr/bin/cmake --build /home/xedy/ros2_ws/build/jackal_wall_follower -- -j16 -l16
[5.488s] Invoking command in '/home/xedy/ros2_ws/build/jackal_wall_follower': CMAKE_PREFIX_PATH=/opt/ros/humble /usr/bin/cmake --install /home/xedy/ros2_ws/build/jackal_wall_follower
[5.492s] -- Install configuration: ""
[5.492s] -- Installing: /home/xedy/ros2_ws/install/jackal_wall_follower/lib/jackal_wall_follower/main_node
[5.496s] -- Set runtime path of "/home/xedy/ros2_ws/install/jackal_wall_follower/lib/jackal_wall_follower/main_node" to ""
[5.496s] -- Up-to-date: /home/xedy/ros2_ws/install/jackal_wall_follower/share/jackal_wall_follower//launch
[5.496s] -- Up-to-date: /home/xedy/ros2_ws/install/jackal_wall_follower/share/jackal_wall_follower//launch/start.launch.py
[5.496s] -- Up-to-date: /home/xedy/ros2_ws/install/jackal_wall_follower/share/jackal_wall_follower//worlds
[5.496s] -- Up-to-date: /home/xedy/ros2_ws/install/jackal_wall_follower/share/jackal_wall_follower//worlds/maze.sdf
[5.496s] -- Up-to-date: /home/xedy/ros2_ws/install/jackal_wall_follower/share/ament_index/resource_index/package_run_dependencies/jackal_wall_follower
[5.496s] -- Up-to-date: /home/xedy/ros2_ws/install/jackal_wall_follower/share/ament_index/resource_index/parent_prefix_path/jackal_wall_follower
[5.496s] -- Up-to-date: /home/xedy/ros2_ws/install/jackal_wall_follower/share/jackal_wall_follower/environment/ament_prefix_path.sh
[5.496s] -- Up-to-date: /home/xedy/ros2_ws/install/jackal_wall_follower/share/jackal_wall_follower/environment/ament_prefix_path.dsv
[5.496s] -- Up-to-date: /home/xedy/ros2_ws/install/jackal_wall_follower/share/jackal_wall_follower/environment/path.sh
[5.496s] -- Up-to-date: /home/xedy/ros2_ws/install/jackal_wall_follower/share/jackal_wall_follower/environment/path.dsv
[5.496s] -- Up-to-date: /home/xedy/ros2_ws/install/jackal_wall_follower/share/jackal_wall_follower/local_setup.bash
[5.496s] -- Up-to-date: /home/xedy/ros2_ws/install/jackal_wall_follower/share/jackal_wall_follower/local_setup.sh
[5.496s] -- Up-to-date: /home/xedy/ros2_ws/install/jackal_wall_follower/share/jackal_wall_follower/local_setup.zsh
[5.496s] -- Up-to-date: /home/xedy/ros2_ws/install/jackal_wall_follower/share/jackal_wall_follower/local_setup.dsv
[5.496s] -- Installing: /home/xedy/ros2_ws/install/jackal_wall_follower/share/jackal_wall_follower/package.dsv
[5.496s] -- Up-to-date: /home/xedy/ros2_ws/install/jackal_wall_follower/share/ament_index/resource_index/packages/jackal_wall_follower
[5.496s] -- Up-to-date: /home/xedy/ros2_ws/install/jackal_wall_follower/share/jackal_wall_follower/cmake/jackal_wall_followerConfig.cmake
[5.496s] -- Up-to-date: /home/xedy/ros2_ws/install/jackal_wall_follower/share/jackal_wall_follower/cmake/jackal_wall_followerConfig-version.cmake
[5.496s] -- Up-to-date: /home/xedy/ros2_ws/install/jackal_wall_follower/share/jackal_wall_follower/package.xml
[5.497s] Invoked command in '/home/xedy/ros2_ws/build/jackal_wall_follower' returned '0': CMAKE_PREFIX_PATH=/opt/ros/humble /usr/bin/cmake --install /home/xedy/ros2_ws/build/jackal_wall_follower
